2023-11-03T09:44:05.719+03:00  INFO 11700 --- [main] c.h.t.Tech3SpringReactApplicationTests   : Starting Tech3SpringReactApplicationTests using Java 21 with PID 11700 (started by 90553 in D:\spring\Tech_3_SpringReact)
2023-11-03T09:44:05.728+03:00  INFO 11700 --- [main] c.h.t.Tech3SpringReactApplicationTests   : The following 1 profile is active: "frontend"
2023-11-03T09:44:05.766+03:00 DEBUG 11700 --- [main] o.s.w.c.s.GenericWebApplicationContext   : Refreshing org.springframework.web.context.support.GenericWebApplicationContext@6ac4944a
2023-11-03T09:44:07.140+03:00  INFO 11700 --- [main] .s.d.r.c.RepositoryConfigurationDelegate : Bootstrapping Spring Data JPA repositories in DEFAULT mode.
2023-11-03T09:44:07.209+03:00  INFO 11700 --- [main] .s.d.r.c.RepositoryConfigurationDelegate : Finished Spring Data repository scanning in 58 ms. Found 1 JPA repository interfaces.
2023-11-03T09:44:08.522+03:00  INFO 11700 --- [main] o.s.o.j.p.SpringPersistenceUnitInfo      : No LoadTimeWeaver setup: ignoring JPA class transformer
2023-11-03T09:44:08.559+03:00  INFO 11700 --- [main] com.zaxxer.hikari.HikariDataSource       : HikariPool-1 - Starting...
2023-11-03T09:44:08.869+03:00  INFO 11700 --- [main] com.zaxxer.hikari.pool.HikariPool        : HikariPool-1 - Added connection conn0: url=jdbc:h2:file:./memory_persist/blog user=SA
2023-11-03T09:44:08.871+03:00  INFO 11700 --- [main] com.zaxxer.hikari.HikariDataSource       : HikariPool-1 - Start completed.
2023-11-03T09:44:09.776+03:00  INFO 11700 --- [main] j.LocalContainerEntityManagerFactoryBean : Initialized JPA EntityManagerFactory for persistence unit 'default'
2023-11-03T09:44:09.791+03:00  INFO 11700 --- [main] c.h.t.bean.AuditorAwareBeanClass         : auditor Aware bean Before başladı
2023-11-03T09:44:09.793+03:00  INFO 11700 --- [main] c.h.t.bean.BlogCommandLineRunner         : blog CommandLineRunner After Bean Method başladı
2023-11-03T09:44:09.795+03:00  INFO 11700 --- [main] c.h.t.bean.Locale18NBeanClass            : swagger Open Api Before Bean başladı
2023-11-03T09:44:09.796+03:00  INFO 11700 --- [main] c.h.t.bean.ModelMapperBeanClass          : Model mapper bean Before başladı
2023-11-03T09:44:09.797+03:00  INFO 11700 --- [main] c.h.t.bean.PasswordEncoderBeanClass      : password Encoder Before Bean başladı
2023-11-03T09:44:09.799+03:00  INFO 11700 --- [main] c.h.t.bean.SwaggerOpenApiBeanClass       : swagger Open Api Before Bean başladı
2023-11-03T09:44:10.644+03:00  WARN 11700 --- [main] JpaBaseConfiguration$JpaWebConfiguration : spring.jpa.open-in-view is enabled by default. Therefore, database queries may be performed during view rendering. Explicitly configure spring.jpa.open-in-view to disable this warning
2023-11-03T09:44:10.839+03:00 DEBUG 11700 --- [main] s.w.s.m.m.a.RequestMappingHandlerAdapter : ControllerAdvice beans: 0 @ModelAttribute, 0 @InitBinder, 1 RequestBodyAdvice, 1 ResponseBodyAdvice
2023-11-03T09:44:10.906+03:00  INFO 11700 --- [main] o.s.b.a.w.s.WelcomePageHandlerMapping    : Adding welcome page template: index
2023-11-03T09:44:11.009+03:00 DEBUG 11700 --- [main] s.w.s.m.m.a.RequestMappingHandlerMapping : 13 mappings in 'requestMappingHandlerMapping'
2023-11-03T09:44:11.957+03:00 DEBUG 11700 --- [main] o.s.w.s.handler.SimpleUrlHandlerMapping  : Patterns [/webjars/**, /**, /swagger-ui*/*swagger-initializer.js, /swagger-ui*/**] in 'resourceHandlerMapping'
2023-11-03T09:44:11.977+03:00 DEBUG 11700 --- [main] .m.m.a.ExceptionHandlerExceptionResolver : ControllerAdvice beans: 1 @ExceptionHandler, 1 ResponseBodyAdvice
2023-11-03T09:44:12.542+03:00  INFO 11700 --- [main] o.s.b.a.h2.H2ConsoleAutoConfiguration    : H2 console available at '/h2-console'. Database available at 'jdbc:h2:file:./memory_persist/blog'
2023-11-03T09:44:12.582+03:00  INFO 11700 --- [main] o.s.b.a.e.web.EndpointLinksResolver      : Exposing 15 endpoint(s) beneath base path '/actuator'
2023-11-03T09:44:12.671+03:00  INFO 11700 --- [main] c.h.t.Tech3SpringReactApplicationTests   : Started Tech3SpringReactApplicationTests in 7.299 seconds (process running for 8.434)
2023-11-03T09:44:12.792+03:00  INFO 11700 --- [main] c.h.t.bean.BlogCommandLineRunner2        : CommandLineRunner Çalıştı Sade
2023-11-03T09:44:12.793+03:00  INFO 11700 --- [main] c.h.t.bean.BlogCommandLineRunner         : CommandLineRunner Çalıştı
2023-11-03T09:44:14.004+03:00 DEBUG 11700 --- [SpringApplicationShutdownHook] o.s.w.c.s.GenericWebApplicationContext   : Closing org.springframework.web.context.support.GenericWebApplicationContext@6ac4944a, started on Fri Nov 03 12:14:05 IST 2023
2023-11-03T09:44:14.013+03:00  INFO 11700 --- [SpringApplicationShutdownHook] c.h.t.bean.SwaggerOpenApiBeanClass       : swagger Open Api After Bean bitti
2023-11-03T09:44:14.014+03:00  INFO 11700 --- [SpringApplicationShutdownHook] c.h.t.bean.PasswordEncoderBeanClass      : password Encoder After Bean bitti
2023-11-03T09:44:14.015+03:00  INFO 11700 --- [SpringApplicationShutdownHook] c.h.t.bean.ModelMapperBeanClass          : Model mapper After bean bitti
2023-11-03T09:44:14.015+03:00  INFO 11700 --- [SpringApplicationShutdownHook] c.h.t.bean.Locale18NBeanClass            : locale 18N After Bean Method bitti
2023-11-03T09:44:14.015+03:00  INFO 11700 --- [SpringApplicationShutdownHook] c.h.t.bean.BlogCommandLineRunner         : blog CommandLineRunner Before Bean Method bitti
2023-11-03T09:44:14.016+03:00  INFO 11700 --- [SpringApplicationShutdownHook] c.h.t.bean.AuditorAwareBeanClass         : auditor Aware After bean bitti
2023-11-03T09:44:14.016+03:00  INFO 11700 --- [SpringApplicationShutdownHook] j.LocalContainerEntityManagerFactoryBean : Closing JPA EntityManagerFactory for persistence unit 'default'
2023-11-03T09:44:14.020+03:00  INFO 11700 --- [SpringApplicationShutdownHook] com.zaxxer.hikari.HikariDataSource       : HikariPool-1 - Shutdown initiated...
2023-11-03T09:44:14.024+03:00  INFO 11700 --- [SpringApplicationShutdownHook] com.zaxxer.hikari.HikariDataSource       : HikariPool-1 - Shutdown completed.
